0 info it worked if it ends with ok
1 verbose cli [ '/home/vagrant/.nvm/versions/v0.12.0/bin/node',
1 verbose cli   '/home/vagrant/.nvm/versions/v0.12.0/bin/npm',
1 verbose cli   'start' ]
2 info using npm@2.5.1
3 info using node@v0.12.0
4 verbose stack Error: Failed to parse json
4 verbose stack Unexpected token }
4 verbose stack     at parseError (/home/vagrant/.nvm/versions/v0.12.0/lib/node_modules/npm/node_modules/read-package-json/read-json.js:378:25)
4 verbose stack     at parseJson (/home/vagrant/.nvm/versions/v0.12.0/lib/node_modules/npm/node_modules/read-package-json/read-json.js:85:51)
4 verbose stack     at /home/vagrant/.nvm/versions/v0.12.0/lib/node_modules/npm/node_modules/read-package-json/read-json.js:59:33
4 verbose stack     at evalmachine.<anonymous>:336:14
4 verbose stack     at /home/vagrant/.nvm/versions/v0.12.0/lib/node_modules/npm/node_modules/graceful-fs/graceful-fs.js:102:5
4 verbose stack     at FSReqWrap.oncomplete (evalmachine.<anonymous>:99:15)
5 verbose cwd /home/vagrant/bt/schneiderik
6 error Linux 3.2.0-4-amd64
7 error argv "/home/vagrant/.nvm/versions/v0.12.0/bin/node" "/home/vagrant/.nvm/versions/v0.12.0/bin/npm" "start"
8 error node v0.12.0
9 error npm  v2.5.1
10 error file /home/vagrant/bt/schneiderik/package.json
11 error code EJSONPARSE
12 error Failed to parse json
12 error Unexpected token }
13 error File: /home/vagrant/bt/schneiderik/package.json
14 error Failed to parse package.json data.
14 error package.json must be actual JSON, not just JavaScript.
14 error
14 error This is not a bug in npm.
14 error Tell the package author to fix their package.json file. JSON.parse
15 verbose exit [ 1, true ]
